2023-02-22 13:15:30,988 - model.binance.spot - INFO - SPOT LOGGER ACTIVE
2023-02-22 13:15:30,988 - model.binance.spot - INFO - exchange: Binance 
2023-02-22 13:16:36,979 - model.binance.spot - INFO - SPOT LOGGER ACTIVE
2023-02-22 13:16:36,980 - model.binance.spot - INFO - exchange: Binance 
2023-02-22 13:16:50,667 - model.binance.spot - INFO - SPOT LOGGER ACTIVE
2023-02-22 13:16:50,667 - model.binance.spot - INFO - exchange: Binance 
2023-02-22 13:17:16,160 - model.binance.spot - INFO - SPOT LOGGER ACTIVE
2023-02-22 13:17:16,161 - model.binance.spot - INFO - exchange: Binance 
2023-02-22 13:17:55,040 - model.binance.spot - INFO - SPOT LOGGER ACTIVE
2023-02-22 13:17:55,040 - model.binance.spot - INFO - exchange: Binance 
2023-02-22 13:18:18,841 - model.binance.spot - INFO - SPOT LOGGER ACTIVE
2023-02-22 13:18:18,841 - model.binance.spot - INFO - exchange: Binance 
2023-02-22 13:21:11,323 - model.binance.spot - INFO - SPOT LOGGER ACTIVE
2023-02-22 13:21:11,323 - model.binance.spot - INFO - exchange: Binance 
2023-02-22 13:21:20,481 - model.binance.spot - INFO - SPOT LOGGER ACTIVE
2023-02-22 13:21:20,481 - model.binance.spot - INFO - exchange: Binance 
2023-02-22 13:22:20,683 - model.binance.spot - INFO - SPOT LOGGER ACTIVE
2023-02-22 13:22:20,683 - model.binance.spot - INFO - exchange: Binance 
2023-02-22 13:23:17,318 - model.binance.spot - INFO - SPOT LOGGER ACTIVE
2023-02-22 13:23:17,318 - model.binance.spot - INFO - exchange: Binance 
2023-02-22 13:25:04,078 - model.binance.spot - INFO - SPOT LOGGER ACTIVE
2023-02-22 13:25:04,078 - model.binance.spot - INFO - exchange: Binance 
2023-02-22 13:25:40,464 - model.binance.spot - INFO - SPOT LOGGER ACTIVE
2023-02-22 13:25:40,464 - model.binance.spot - INFO - exchange: Binance 
2023-02-22 13:33:39,288 - model.binance.spot - INFO - SPOT LOGGER ACTIVE
2023-02-22 13:33:39,288 - model.binance.spot - INFO - exchange: Binance 
2023-02-22 13:34:41,248 - model.binance.spot - INFO - SPOT LOGGER ACTIVE
2023-02-22 13:34:41,248 - model.binance.spot - INFO - exchange: Binance 
2023-02-22 13:35:27,588 - model.binance.spot - INFO - SPOT LOGGER ACTIVE
2023-02-22 13:35:27,589 - model.binance.spot - INFO - exchange: Binance 
2023-02-22 13:37:26,527 - model.binance.spot - INFO - SPOT LOGGER ACTIVE
2023-02-22 13:37:26,527 - model.binance.spot - INFO - exchange: Binance 
2023-02-22 13:43:22,276 - model.binance.spot - INFO - SPOT LOGGER ACTIVE
2023-02-22 13:43:22,277 - model.binance.spot - INFO - exchange: Binance 
2023-02-22 13:46:05,058 - model.binance.spot - INFO - SPOT LOGGER ACTIVE
2023-02-22 13:46:05,059 - model.binance.spot - INFO - exchange: Binance 
2023-02-22 13:46:08,282 - model.binance.spot - INFO - ENTERING LONG POSITION WITH: 0.0
2023-02-22 13:46:08,557 - model.binance.spot - ERROR - an exception occured - binance {"code":-1013,"msg":"Invalid quantity."}
2023-02-22 13:46:08,558 - model.binance.spot - INFO - starting thread !
2023-02-22 13:46:57,202 - model.binance.spot - INFO - SPOT LOGGER ACTIVE
2023-02-22 13:46:57,202 - model.binance.spot - INFO - exchange: Binance 
2023-02-22 13:47:01,084 - model.binance.spot - INFO - ENTERING LONG POSITION WITH: 0.0
2023-02-22 13:47:01,995 - model.binance.spot - ERROR - an exception occured - binance {"code":-1013,"msg":"Invalid quantity."}
2023-02-22 13:47:01,996 - model.binance.spot - INFO - starting thread !
2023-02-22 13:47:30,042 - model.binance.spot - INFO - SPOT LOGGER ACTIVE
2023-02-22 13:47:30,043 - model.binance.spot - INFO - exchange: Binance 
2023-02-22 13:47:33,012 - model.binance.spot - INFO - ENTERING LONG POSITION WITH: 0.0
2023-02-22 13:47:33,254 - model.binance.spot - ERROR - an exception occured - binance {"code":-1013,"msg":"Invalid quantity."}
2023-02-22 13:47:33,255 - model.binance.spot - INFO - starting thread !
2023-02-22 13:48:37,444 - model.binance.spot - INFO - SPOT LOGGER ACTIVE
2023-02-22 13:48:37,444 - model.binance.spot - INFO - exchange: Binance 
2023-02-22 13:48:40,452 - model.binance.spot - INFO - ENTERING LONG POSITION WITH: 1810282.4040550326
2023-02-22 13:48:41,360 - model.binance.spot - ERROR - an exception occured - binance order amount should be evenly divisible by lot size {"code":-1013,"msg":"Filter failure: LOT_SIZE"}
2023-02-22 13:48:41,361 - model.binance.spot - INFO - starting thread !
2023-02-22 13:49:57,506 - model.binance.spot - INFO - SPOT LOGGER ACTIVE
2023-02-22 13:49:57,506 - model.binance.spot - INFO - exchange: Binance 
2023-02-22 13:53:26,461 - model.binance.spot - INFO - SPOT LOGGER ACTIVE
2023-02-22 13:53:26,462 - model.binance.spot - INFO - exchange: Binance 
2023-02-22 13:53:30,174 - model.binance.spot - INFO - ENTERING LONG POSITION WITH: 1813960.2379915833
2023-02-22 13:53:30,849 - model.binance.spot - ERROR - an exception occured - binance order amount should be evenly divisible by lot size {"code":-1013,"msg":"Filter failure: LOT_SIZE"}
2023-02-22 13:53:30,850 - model.binance.spot - INFO - starting thread !
2023-02-22 13:55:09,748 - model.binance.spot - INFO - SPOT LOGGER ACTIVE
2023-02-22 13:55:09,749 - model.binance.spot - INFO - exchange: Binance 
2023-02-22 13:55:13,622 - model.binance.spot - INFO - ENTERING LONG POSITION WITH: 1813170.8732230924
2023-02-22 13:55:13,874 - model.binance.spot - ERROR - an exception occured - binance order amount should be evenly divisible by lot size {"code":-1013,"msg":"Filter failure: LOT_SIZE"}
2023-02-22 13:55:13,875 - model.binance.spot - INFO - starting thread !
2023-02-22 13:55:57,810 - model.binance.spot - INFO - SPOT LOGGER ACTIVE
2023-02-22 13:55:57,811 - model.binance.spot - INFO - exchange: Binance 
2023-02-22 13:56:01,956 - model.binance.spot - INFO - ENTERING LONG POSITION WITH: 1813170.8732230924
2023-02-22 13:56:02,645 - model.binance.spot - ERROR - an exception occured - binance order amount should be evenly divisible by lot size {"code":-1013,"msg":"Filter failure: LOT_SIZE"}
2023-02-22 13:56:02,645 - model.binance.spot - INFO - starting thread !
2023-02-22 13:56:40,047 - model.binance.spot - INFO - SPOT LOGGER ACTIVE
2023-02-22 13:56:40,047 - model.binance.spot - INFO - exchange: Binance 
2023-02-22 13:56:43,262 - model.binance.spot - INFO - ENTERING LONG POSITION WITH: 1813433.9185
2023-02-22 13:56:43,941 - model.binance.spot - ERROR - an exception occured - binance order amount should be evenly divisible by lot size {"code":-1013,"msg":"Filter failure: LOT_SIZE"}
2023-02-22 13:56:43,941 - model.binance.spot - INFO - starting thread !
2023-02-22 13:56:52,062 - model.binance.spot - INFO - SPOT LOGGER ACTIVE
2023-02-22 13:56:52,063 - model.binance.spot - INFO - exchange: Binance 
2023-02-22 13:56:56,206 - model.binance.spot - INFO - ENTERING LONG POSITION WITH: 1813170.87
2023-02-22 13:56:56,883 - model.binance.spot - ERROR - an exception occured - binance order amount should be evenly divisible by lot size {"code":-1013,"msg":"Filter failure: LOT_SIZE"}
2023-02-22 13:56:56,884 - model.binance.spot - INFO - starting thread !
2023-02-22 13:57:14,649 - model.binance.spot - INFO - SPOT LOGGER ACTIVE
2023-02-22 13:57:14,649 - model.binance.spot - INFO - exchange: Binance 
2023-02-22 13:57:18,780 - model.binance.spot - INFO - ENTERING LONG POSITION WITH: 1812908
2023-02-22 13:57:19,458 - model.binance.spot - ERROR - an exception occured - binance order amount should be evenly divisible by lot size {"code":-1013,"msg":"Filter failure: LOT_SIZE"}
2023-02-22 13:57:19,459 - model.binance.spot - INFO - starting thread !
2023-02-22 13:59:36,260 - model.binance.spot - INFO - SPOT LOGGER ACTIVE
2023-02-22 13:59:36,261 - model.binance.spot - INFO - exchange: Binance 
2023-02-22 13:59:39,910 - model.binance.spot - INFO - ENTERING LONG POSITION WITH: 1810806.895553
2023-02-22 13:59:40,594 - model.binance.spot - ERROR - an exception occured - binance order amount should be evenly divisible by lot size {"code":-1013,"msg":"Filter failure: LOT_SIZE"}
2023-02-22 13:59:40,594 - model.binance.spot - INFO - starting thread !
2023-02-22 14:00:43,273 - model.binance.spot - INFO - SPOT LOGGER ACTIVE
2023-02-22 14:00:43,274 - model.binance.spot - INFO - exchange: Binance 
2023-02-22 14:00:46,945 - model.binance.spot - INFO - ENTERING LONG POSITION WITH: 1809377.262853
2023-02-22 14:00:47,633 - model.binance.spot - ERROR - an exception occured - binance order amount should be evenly divisible by lot size {"code":-1013,"msg":"Filter failure: LOT_SIZE"}
2023-02-22 14:00:47,634 - model.binance.spot - INFO - starting thread !
2023-02-22 14:01:23,198 - model.binance.spot - INFO - SPOT LOGGER ACTIVE
2023-02-22 14:01:23,199 - model.binance.spot - INFO - exchange: Binance 
2023-02-22 14:01:27,276 - model.binance.spot - INFO - ENTERING LONG POSITION WITH: 1809901.492105
2023-02-22 14:01:27,515 - model.binance.spot - ERROR - an exception occured - binance order amount should be evenly divisible by lot size {"code":-1013,"msg":"Filter failure: LOT_SIZE"}
2023-02-22 14:01:27,515 - model.binance.spot - INFO - starting thread !
2023-02-22 14:04:00,591 - model.binance.spot - INFO - SPOT LOGGER ACTIVE
2023-02-22 14:04:00,591 - model.binance.spot - INFO - exchange: Binance 
2023-02-22 14:04:04,218 - model.binance.spot - INFO - ENTERING LONG POSITION WITH: 1811213.39519
2023-02-22 14:04:04,902 - model.binance.spot - ERROR - an exception occured - binance order amount should be evenly divisible by lot size {"code":-1013,"msg":"Filter failure: LOT_SIZE"}
2023-02-22 14:04:04,902 - model.binance.spot - INFO - starting thread !
